This is pdfTeX, Version 3.14159265-2.6-1.40.18 (TeX Live 2017/Debian) (preloaded format=pdflatex 2019.10.25)  30 OCT 2019 23:48
entering extended mode
 restricted \write18 enabled.
 %&-line parsing enabled.
**report.tex
(./report.tex
LaTeX2e <2017-04-15>
Babel <3.18> and hyphenation patterns for 84 language(s) loaded.
(/usr/share/texlive/texmf-dist/tex/latex/base/article.cls
Document Class: article 2014/09/29 v1.4h Standard LaTeX document class
(/usr/share/texlive/texmf-dist/tex/latex/base/size11.clo
File: size11.clo 2014/09/29 v1.4h Standard LaTeX file (size option)
)
\c@part=\count79
\c@section=\count80
\c@subsection=\count81
\c@subsubsection=\count82
\c@paragraph=\count83
\c@subparagraph=\count84
\c@figure=\count85
\c@table=\count86
\abovecaptionskip=\skip41
\belowcaptionskip=\skip42
\bibindent=\dimen102
)
(/usr/share/texlive/texmf-dist/tex/latex/base/latexsym.sty
Package: latexsym 1998/08/17 v2.2e Standard LaTeX package (lasy symbols)
\symlasy=\mathgroup4
LaTeX Font Info:    Overwriting symbol font `lasy' in version `bold'
(Font)                  U/lasy/m/n --> U/lasy/b/n on input line 52.
)
(/usr/share/texlive/texmf-dist/tex/latex/amsmath/amsmath.sty
Package: amsmath 2017/09/02 v2.17a AMS math features
\@mathmargin=\skip43

For additional information on amsmath, use the `?' option.
(/usr/share/texlive/texmf-dist/tex/latex/amsmath/amstext.sty
Package: amstext 2000/06/29 v2.01 AMS text

(/usr/share/texlive/texmf-dist/tex/latex/amsmath/amsgen.sty
File: amsgen.sty 1999/11/30 v2.0 generic functions
\@emptytoks=\toks14
\ex@=\dimen103
))
(/usr/share/texlive/texmf-dist/tex/latex/amsmath/amsbsy.sty
Package: amsbsy 1999/11/29 v1.2d Bold Symbols
\pmbraise@=\dimen104
)
(/usr/share/texlive/texmf-dist/tex/latex/amsmath/amsopn.sty
Package: amsopn 2016/03/08 v2.02 operator names
)
\inf@bad=\count87
LaTeX Info: Redefining \frac on input line 213.
\uproot@=\count88
\leftroot@=\count89
LaTeX Info: Redefining \overline on input line 375.
\classnum@=\count90
\DOTSCASE@=\count91
LaTeX Info: Redefining \ldots on input line 472.
LaTeX Info: Redefining \dots on input line 475.
LaTeX Info: Redefining \cdots on input line 596.
\Mathstrutbox@=\box26
\strutbox@=\box27
\big@size=\dimen105
LaTeX Font Info:    Redeclaring font encoding OML on input line 712.
LaTeX Font Info:    Redeclaring font encoding OMS on input line 713.
\macc@depth=\count92
\c@MaxMatrixCols=\count93
\dotsspace@=\muskip10
\c@parentequation=\count94
\dspbrk@lvl=\count95
\tag@help=\toks15
\row@=\count96
\column@=\count97
\maxfields@=\count98
\andhelp@=\toks16
\eqnshift@=\dimen106
\alignsep@=\dimen107
\tagshift@=\dimen108
\tagwidth@=\dimen109
\totwidth@=\dimen110
\lineht@=\dimen111
\@envbody=\toks17
\multlinegap=\skip44
\multlinetaggap=\skip45
\mathdisplay@stack=\toks18
LaTeX Info: Redefining \[ on input line 2817.
LaTeX Info: Redefining \] on input line 2818.
)
(/usr/share/texlive/texmf-dist/tex/latex/amsfonts/amssymb.sty
Package: amssymb 2013/01/14 v3.01 AMS font symbols

(/usr/share/texlive/texmf-dist/tex/latex/amsfonts/amsfonts.sty
Package: amsfonts 2013/01/14 v3.01 Basic AMSFonts support
\symAMSa=\mathgroup5
\symAMSb=\mathgroup6
LaTeX Font Info:    Overwriting math alphabet `\mathfrak' in version `bold'
(Font)                  U/euf/m/n --> U/euf/b/n on input line 106.
))
(/usr/share/texlive/texmf-dist/tex/latex/amscls/amsthm.sty
Package: amsthm 2017/10/31 v2.20.4
\thm@style=\toks19
\thm@bodyfont=\toks20
\thm@headfont=\toks21
\thm@notefont=\toks22
\thm@headpunct=\toks23
\thm@preskip=\skip46
\thm@postskip=\skip47
\thm@headsep=\skip48
\dth@everypar=\toks24
)
(/usr/share/texlive/texmf-dist/tex/latex/graphics/graphicx.sty
Package: graphicx 2017/06/01 v1.1a Enhanced LaTeX Graphics (DPC,SPQR)

(/usr/share/texlive/texmf-dist/tex/latex/graphics/keyval.sty
Package: keyval 2014/10/28 v1.15 key=value parser (DPC)
\KV@toks@=\toks25
)
(/usr/share/texlive/texmf-dist/tex/latex/graphics/graphics.sty
Package: graphics 2017/06/25 v1.2c Standard LaTeX Graphics (DPC,SPQR)

(/usr/share/texlive/texmf-dist/tex/latex/graphics/trig.sty
Package: trig 2016/01/03 v1.10 sin cos tan (DPC)
)
(/usr/share/texlive/texmf-dist/tex/latex/graphics-cfg/graphics.cfg
File: graphics.cfg 2016/06/04 v1.11 sample graphics configuration
)
Package graphics Info: Driver file: pdftex.def on input line 99.

(/usr/share/texlive/texmf-dist/tex/latex/graphics-def/pdftex.def
File: pdftex.def 2018/01/08 v1.0l Graphics/color driver for pdftex
))
\Gin@req@height=\dimen112
\Gin@req@width=\dimen113
)
(/usr/share/texlive/texmf-dist/tex/latex/wrapfig/wrapfig.sty
\wrapoverhang=\dimen114
\WF@size=\dimen115
\c@WF@wrappedlines=\count99
\WF@box=\box28
\WF@everypar=\toks26
Package: wrapfig 2003/01/31  v 3.6
)
(/usr/share/texlive/texmf-dist/tex/latex/pseudocode/pseudocode.sty
** 
** Document Style `pseudocode' - environment 
** by D.L. Kreher and D.R. Stinson 
** 
** The pseudocode environment was originally developed for the book
** Combinatorial Algorithms: Enumeration, Generation, and Search
** CRC Press, 1999. 
Package: pseudocode 
\pcode@width=\skip49
(/usr/share/texlive/texmf-dist/tex/latex/fancybox/fancybox.sty
Package: fancybox 2010/05/15 1.4

Style option: `fancybox' v1.4 <2010/05/15> (tvz)
\@fancybox=\box29
\shadowsize=\dimen116
\@Sbox=\box30
\do@VerbBox=\toks27
\the@fancyput=\toks28
\this@fancyput=\toks29
\EndVerbatimTokens=\toks30
\Verbatim@Outfile=\write3
\Verbatim@Infile=\read1
) (/usr/share/texlive/texmf-dist/tex/latex/base/ifthen.sty
Package: ifthen 2014/09/29 v1.1c Standard LaTeX ifthen package (DPC)
)
\c@pseudocode=\count100
\c@pseudonum=\count101
)
(/usr/share/texlive/texmf-dist/tex/latex/url/url.sty
\Urlmuskip=\muskip11
Package: url 2013/09/16  ver 3.4  Verb mode for urls, etc.
)
(/usr/share/texlive/texmf-dist/tex/latex/float/float.sty
Package: float 2001/11/08 v1.3d Float enhancements (AL)
\c@float@type=\count102
\float@exts=\toks31
\float@box=\box31
\@float@everytoks=\toks32
\@floatcapt=\box32
)
(/usr/share/texlive/texmf-dist/tex/latex/caption/subcaption.sty
Package: subcaption 2016/05/22 v1.1-161 Sub-captions (AR)

(/usr/share/texlive/texmf-dist/tex/latex/caption/caption.sty
Package: caption 2016/02/21 v3.3-144 Customizing captions (AR)

(/usr/share/texlive/texmf-dist/tex/latex/caption/caption3.sty
Package: caption3 2016/05/22 v1.7-166 caption3 kernel (AR)
Package caption3 Info: TeX engine: e-TeX on input line 67.
\captionmargin=\dimen117
\captionmargin@=\dimen118
\captionwidth=\dimen119
\caption@tempdima=\dimen120
\caption@indent=\dimen121
\caption@parindent=\dimen122
\caption@hangindent=\dimen123
)
\c@ContinuedFloat=\count103
Package caption Info: float package is loaded.
Package caption Info: wrapfig package is loaded.
)
\c@subfigure=\count104
\c@subtable=\count105
)
(/usr/share/texlive/texmf-dist/tex/latex/hyperref/hyperref.sty
Package: hyperref 2018/02/06 v6.86b Hypertext links for LaTeX

(/usr/share/texlive/texmf-dist/tex/generic/oberdiek/hobsub-hyperref.sty
Package: hobsub-hyperref 2016/05/16 v1.14 Bundle oberdiek, subset hyperref (HO)


(/usr/share/texlive/texmf-dist/tex/generic/oberdiek/hobsub-generic.sty
Package: hobsub-generic 2016/05/16 v1.14 Bundle oberdiek, subset generic (HO)
Package: hobsub 2016/05/16 v1.14 Construct package bundles (HO)
Package: infwarerr 2016/05/16 v1.4 Providing info/warning/error messages (HO)
Package: ltxcmds 2016/05/16 v1.23 LaTeX kernel commands for general use (HO)
Package: ifluatex 2016/05/16 v1.4 Provides the ifluatex switch (HO)
Package ifluatex Info: LuaTeX not detected.
Package: ifvtex 2016/05/16 v1.6 Detect VTeX and its facilities (HO)
Package ifvtex Info: VTeX not detected.
Package: intcalc 2016/05/16 v1.2 Expandable calculations with integers (HO)
Package: ifpdf 2017/03/15 v3.2 Provides the ifpdf switch
Package: etexcmds 2016/05/16 v1.6 Avoid name clashes with e-TeX commands (HO)
Package etexcmds Info: Could not find \expanded.
(etexcmds)             That can mean that you are not using pdfTeX 1.50 or
(etexcmds)             that some package has redefined \expanded.
(etexcmds)             In the latter case, load this package earlier.
Package: kvsetkeys 2016/05/16 v1.17 Key value parser (HO)
Package: kvdefinekeys 2016/05/16 v1.4 Define keys (HO)
Package: pdftexcmds 2018/01/21 v0.26 Utility functions of pdfTeX for LuaTeX (HO
)
Package pdftexcmds Info: LuaTeX not detected.
Package pdftexcmds Info: \pdf@primitive is available.
Package pdftexcmds Info: \pdf@ifprimitive is available.
Package pdftexcmds Info: \pdfdraftmode found.
Package: pdfescape 2016/05/16 v1.14 Implements pdfTeX's escape features (HO)
Package: bigintcalc 2016/05/16 v1.4 Expandable calculations on big integers (HO
)
Package: bitset 2016/05/16 v1.2 Handle bit-vector datatype (HO)
Package: uniquecounter 2016/05/16 v1.3 Provide unlimited unique counter (HO)
)
Package hobsub Info: Skipping package `hobsub' (already loaded).
Package: letltxmacro 2016/05/16 v1.5 Let assignment for LaTeX macros (HO)
Package: hopatch 2016/05/16 v1.3 Wrapper for package hooks (HO)
Package: xcolor-patch 2016/05/16 xcolor patch
Package: atveryend 2016/05/16 v1.9 Hooks at the very end of document (HO)
Package atveryend Info: \enddocument detected (standard20110627).
Package: atbegshi 2016/06/09 v1.18 At begin shipout hook (HO)
Package: refcount 2016/05/16 v3.5 Data extraction from label references (HO)
Package: hycolor 2016/05/16 v1.8 Color options for hyperref/bookmark (HO)
)
(/usr/share/texlive/texmf-dist/tex/generic/ifxetex/ifxetex.sty
Package: ifxetex 2010/09/12 v0.6 Provides ifxetex conditional
)
(/usr/share/texlive/texmf-dist/tex/latex/oberdiek/auxhook.sty
Package: auxhook 2016/05/16 v1.4 Hooks for auxiliary files (HO)
)
(/usr/share/texlive/texmf-dist/tex/latex/oberdiek/kvoptions.sty
Package: kvoptions 2016/05/16 v3.12 Key value format for package options (HO)
)
\@linkdim=\dimen124
\Hy@linkcounter=\count106
\Hy@pagecounter=\count107

(/usr/share/texlive/texmf-dist/tex/latex/hyperref/pd1enc.def
File: pd1enc.def 2018/02/06 v6.86b Hyperref: PDFDocEncoding definition (HO)
)
\Hy@SavedSpaceFactor=\count108

(/usr/share/texlive/texmf-dist/tex/latex/latexconfig/hyperref.cfg
File: hyperref.cfg 2002/06/06 v1.2 hyperref configuration of TeXLive
)
Package hyperref Info: Option `colorlinks' set `true' on input line 4383.
Package hyperref Info: Hyper figures OFF on input line 4509.
Package hyperref Info: Link nesting OFF on input line 4514.
Package hyperref Info: Hyper index ON on input line 4517.
Package hyperref Info: Plain pages OFF on input line 4524.
Package hyperref Info: Backreferencing ON on input line 4527.
Package hyperref Info: Implicit mode ON; LaTeX internals redefined.
Package hyperref Info: Bookmarks ON on input line 4762.

(/usr/share/texlive/texmf-dist/tex/latex/hyperref/backref.sty
Package: backref 2016/05/21 v1.39 Bibliographical back referencing

(/usr/share/texlive/texmf-dist/tex/latex/oberdiek/rerunfilecheck.sty
Package: rerunfilecheck 2016/05/16 v1.8 Rerun checks for auxiliary files (HO)
Package uniquecounter Info: New unique counter `rerunfilecheck' on input line 2
82.
))
\c@Hy@tempcnt=\count109
LaTeX Info: Redefining \url on input line 5115.
\XeTeXLinkMargin=\dimen125
\Fld@menulength=\count110
\Field@Width=\dimen126
\Fld@charsize=\dimen127
Package hyperref Info: Hyper figures OFF on input line 6369.
Package hyperref Info: Link nesting OFF on input line 6374.
Package hyperref Info: Hyper index ON on input line 6377.
Package hyperref Info: backreferencing ON on input line 6382.
Package hyperref Info: Link coloring ON on input line 6387.
Package hyperref Info: Link coloring with OCG OFF on input line 6394.
Package hyperref Info: PDF/A mode OFF on input line 6399.
LaTeX Info: Redefining \ref on input line 6439.
LaTeX Info: Redefining \pageref on input line 6443.
\Hy@abspage=\count111
\c@Item=\count112
\c@Hfootnote=\count113
)
Package hyperref Info: Driver (autodetected): hpdftex.

(/usr/share/texlive/texmf-dist/tex/latex/hyperref/hpdftex.def
File: hpdftex.def 2018/02/06 v6.86b Hyperref driver for pdfTeX
\Fld@listcount=\count114
\c@bookmark@seq@number=\count115
\Hy@SectionHShift=\skip50
)
\c@theorem=\count116
 (./report.aux)
\openout1 = `report.aux'.

LaTeX Font Info:    Checking defaults for OML/cmm/m/it on input line 58.
LaTeX Font Info:    ... okay on input line 58.
LaTeX Font Info:    Checking defaults for T1/cmr/m/n on input line 58.
LaTeX Font Info:    ... okay on input line 58.
LaTeX Font Info:    Checking defaults for OT1/cmr/m/n on input line 58.
LaTeX Font Info:    ... okay on input line 58.
LaTeX Font Info:    Checking defaults for OMS/cmsy/m/n on input line 58.
LaTeX Font Info:    ... okay on input line 58.
LaTeX Font Info:    Checking defaults for OMX/cmex/m/n on input line 58.
LaTeX Font Info:    ... okay on input line 58.
LaTeX Font Info:    Checking defaults for U/cmr/m/n on input line 58.
LaTeX Font Info:    ... okay on input line 58.
LaTeX Font Info:    Checking defaults for PD1/pdf/m/n on input line 58.
LaTeX Font Info:    ... okay on input line 58.

(/usr/share/texlive/texmf-dist/tex/context/base/mkii/supp-pdf.mkii
[Loading MPS to PDF converter (version 2006.09.02).]
\scratchcounter=\count117
\scratchdimen=\dimen128
\scratchbox=\box33
\nofMPsegments=\count118
\nofMParguments=\count119
\everyMPshowfont=\toks33
\MPscratchCnt=\count120
\MPscratchDim=\dimen129
\MPnumerator=\count121
\makeMPintoPDFobject=\count122
\everyMPtoPDFconversion=\toks34
) (/usr/share/texlive/texmf-dist/tex/latex/oberdiek/epstopdf-base.sty
Package: epstopdf-base 2016/05/15 v2.6 Base part for package epstopdf

(/usr/share/texlive/texmf-dist/tex/latex/oberdiek/grfext.sty
Package: grfext 2016/05/16 v1.2 Manage graphics extensions (HO)
)
Package epstopdf-base Info: Redefining graphics rule for `.eps' on input line 4
38.
Package grfext Info: Graphics extension search list:
(grfext)             [.pdf,.png,.jpg,.mps,.jpeg,.jbig2,.jb2,.PDF,.PNG,.JPG,.JPE
G,.JBIG2,.JB2,.eps]
(grfext)             \AppendGraphicsExtensions on input line 456.

(/usr/share/texlive/texmf-dist/tex/latex/latexconfig/epstopdf-sys.cfg
File: epstopdf-sys.cfg 2010/07/13 v1.3 Configuration of (r)epstopdf for TeX Liv
e
))
Package caption Info: Begin \AtBeginDocument code.
Package caption Info: hyperref package is loaded.
Package caption Info: End \AtBeginDocument code.
\AtBeginShipoutBox=\box34

(/usr/share/texlive/texmf-dist/tex/latex/graphics/color.sty
Package: color 2016/07/10 v1.1e Standard LaTeX Color (DPC)

(/usr/share/texlive/texmf-dist/tex/latex/graphics-cfg/color.cfg
File: color.cfg 2016/01/02 v1.6 sample color configuration
)
Package color Info: Driver file: pdftex.def on input line 147.
)
Package hyperref Info: Link coloring ON on input line 58.

(/usr/share/texlive/texmf-dist/tex/latex/hyperref/nameref.sty
Package: nameref 2016/05/21 v2.44 Cross-referencing by name of section

(/usr/share/texlive/texmf-dist/tex/generic/oberdiek/gettitlestring.sty
Package: gettitlestring 2016/05/16 v1.5 Cleanup title references (HO)
)
\c@section@level=\count123
)
LaTeX Info: Redefining \ref on input line 58.
LaTeX Info: Redefining \pageref on input line 58.
LaTeX Info: Redefining \nameref on input line 58.

(./report.out) (./report.out)
\@outlinefile=\write4
\openout4 = `report.out'.

<HeducterCommandOptions.png, id=36, 1297.84875pt x 743.77875pt>
File: HeducterCommandOptions.png Graphic file (type png)
<use HeducterCommandOptions.png>
Package pdftex.def Info: HeducterCommandOptions.png  used on input line 82.
(pdftex.def)             Requested size: 389.35764pt x 223.13535pt.
 [1

{/var/lib/texmf/fonts/map/pdftex/updmap/pdftex.map}]
<VoronoiDiagram.png, id=49, 642.4pt x 511.9125pt>
File: VoronoiDiagram.png Graphic file (type png)
<use VoronoiDiagram.png>
Package pdftex.def Info: VoronoiDiagram.png  used on input line 93.
(pdftex.def)             Requested size: 224.84337pt x 179.17206pt.
LaTeX Font Info:    Try loading font information for U+lasy on input line 98.
 (/usr/share/texlive/texmf-dist/tex/latex/base/ulasy.fd
File: ulasy.fd 1998/08/17 v2.2e LaTeX symbol font definitions
)
LaTeX Font Info:    Try loading font information for U+msa on input line 98.

(/usr/share/texlive/texmf-dist/tex/latex/amsfonts/umsa.fd
File: umsa.fd 2013/01/14 v3.01 AMS symbols A
)
LaTeX Font Info:    Try loading font information for U+msb on input line 98.

(/usr/share/texlive/texmf-dist/tex/latex/amsfonts/umsb.fd
File: umsb.fd 2013/01/14 v3.01 AMS symbols B
) [2 <./HeducterCommandOptions.png> <./VoronoiDiagram.png>]
LaTeX Font Info:    Try loading font information for OMS+cmr on input line 102.


(/usr/share/texlive/texmf-dist/tex/latex/base/omscmr.fd
File: omscmr.fd 2014/09/29 v2.5h Standard LaTeX font definitions
)
LaTeX Font Info:    Font shape `OMS/cmr/m/n' in size <10.95> not available
(Font)              Font shape `OMS/cmsy/m/n' tried instead on input line 102.
<Snorlax.jpg, id=61, 451.6875pt x 451.6875pt>
File: Snorlax.jpg Graphic file (type jpg)
<use Snorlax.jpg>
Package pdftex.def Info: Snorlax.jpg  used on input line 114.
(pdftex.def)             Requested size: 225.48038pt x 225.48479pt.
<Snorlax-OpenGL-4000.png, id=62, 602.25pt x 602.25pt>
File: Snorlax-OpenGL-4000.png Graphic file (type png)
<use Snorlax-OpenGL-4000.png>
Package pdftex.def Info: Snorlax-OpenGL-4000.png  used on input line 119.
(pdftex.def)             Requested size: 225.48038pt x 225.48479pt.
<OpenGL-Performance.png, id=63, 754.82pt x 345.29pt>
File: OpenGL-Performance.png Graphic file (type png)
<use OpenGL-Performance.png>
Package pdftex.def Info: OpenGL-Performance.png  used on input line 131.
(pdftex.def)             Requested size: 264.19096pt x 120.8533pt.
 [3 <./Snorlax.jpg> <./Snorlax-OpenGL-4000.png>]
<Mount-Rushmore.jpg, id=71, 564.60938pt x 338.76563pt>
File: Mount-Rushmore.jpg Graphic file (type jpg)
<use Mount-Rushmore.jpg>
Package pdftex.def Info: Mount-Rushmore.jpg  used on input line 152.
(pdftex.def)             Requested size: 225.48038pt x 135.28673pt.
<Mount-Rushmore-Red-15000.png, id=72, 752.8125pt x 451.6875pt>
File: Mount-Rushmore-Red-15000.png Graphic file (type png)
<use Mount-Rushmore-Red-15000.png>
Package pdftex.def Info: Mount-Rushmore-Red-15000.png  used on input line 157.
(pdftex.def)             Requested size: 225.48038pt x 135.28674pt.
<Mount-Rushmore-Blue-15000.png, id=73, 752.8125pt x 451.6875pt>
File: Mount-Rushmore-Blue-15000.png Graphic file (type png)
<use Mount-Rushmore-Blue-15000.png>
Package pdftex.def Info: Mount-Rushmore-Blue-15000.png  used on input line 162.

(pdftex.def)             Requested size: 225.48038pt x 135.28674pt.
<Mount-Rushmore-Inverted-15000.png, id=74, 752.8125pt x 451.6875pt>
File: Mount-Rushmore-Inverted-15000.png Graphic file (type png)
<use Mount-Rushmore-Inverted-15000.png>
Package pdftex.def Info: Mount-Rushmore-Inverted-15000.png  used on input line 
167.
(pdftex.def)             Requested size: 225.48038pt x 135.28674pt.
 [4 <./OpenGL-Performance.png>]
<Jordan-Pond.jpg, id=81, 602.25pt x 376.40625pt>
File: Jordan-Pond.jpg Graphic file (type jpg)
<use Jordan-Pond.jpg>
Package pdftex.def Info: Jordan-Pond.jpg  used on input line 180.
(pdftex.def)             Requested size: 244.2746pt x 152.67343pt.
<Jordan-Pond-Grayscale-10000.png, id=82, 803.0pt x 501.875pt>
File: Jordan-Pond-Grayscale-10000.png Graphic file (type png)
<use Jordan-Pond-Grayscale-10000.png>
Package pdftex.def Info: Jordan-Pond-Grayscale-10000.png  used on input line 18
5.
(pdftex.def)             Requested size: 225.48038pt x 140.92226pt.
<Jordan-Pond-Color-10000.png, id=83, 803.0pt x 501.875pt>
File: Jordan-Pond-Color-10000.png Graphic file (type png)
<use Jordan-Pond-Color-10000.png>
Package pdftex.def Info: Jordan-Pond-Color-10000.png  used on input line 190.
(pdftex.def)             Requested size: 225.48038pt x 140.92226pt.
 [5 <./Mount-Rushmore.jpg> <./Mount-Rushmore-Red-15000.png> <./Mount-Rushmore-B
lue-15000.png> <./Mount-Rushmore-Inverted-15000.png>]
<Roger-Federer.jpg, id=92, 564.60938pt x 423.83344pt>
File: Roger-Federer.jpg Graphic file (type jpg)
<use Roger-Federer.jpg>
Package pdftex.def Info: Roger-Federer.jpg  used on input line 206.
(pdftex.def)             Requested size: 244.2746pt x 183.3701pt.
<Roger-Federer-AreaScale-12000.png, id=93, 752.8125pt x 565.11125pt>
File: Roger-Federer-AreaScale-12000.png Graphic file (type png)
<use Roger-Federer-AreaScale-12000.png>
Package pdftex.def Info: Roger-Federer-AreaScale-12000.png  used on input line 
211.
(pdftex.def)             Requested size: 225.48038pt x 169.25874pt.
<Roger-Federer-ReverseAreaScaling-12000.png, id=94, 752.8125pt x 565.11125pt>
File: Roger-Federer-ReverseAreaScaling-12000.png Graphic file (type png)
<use Roger-Federer-ReverseAreaScaling-12000.png>
Package pdftex.def Info: Roger-Federer-ReverseAreaScaling-12000.png  used on in
put line 216.
(pdftex.def)             Requested size: 225.48038pt x 169.25874pt.
 [6 <./Jordan-Pond.jpg> <./Jordan-Pond-Grayscale-10000.png> <./Jordan-Pond-Colo
r-10000.png>]
<Emilee-And-Lola.jpg, id=102, 637.63219pt x 680.5425pt>
File: Emilee-And-Lola.jpg Graphic file (type jpg)
<use Emilee-And-Lola.jpg>
Package pdftex.def Info: Emilee-And-Lola.jpg  used on input line 229.
(pdftex.def)             Requested size: 244.2746pt x 260.70645pt.
<Emilee-And-Lola-IntensityScaled2-10000.png, id=103, 850.17625pt x 907.39pt>
File: Emilee-And-Lola-IntensityScaled2-10000.png Graphic file (type png)
<use Emilee-And-Lola-IntensityScaled2-10000.png>
Package pdftex.def Info: Emilee-And-Lola-IntensityScaled2-10000.png  used on in
put line 234.
(pdftex.def)             Requested size: 225.48038pt x 240.65105pt.
<Emilee-And-Lola-IntensityScaled-10000.png, id=104, 850.17625pt x 907.39pt>
File: Emilee-And-Lola-IntensityScaled-10000.png Graphic file (type png)
<use Emilee-And-Lola-IntensityScaled-10000.png>
Package pdftex.def Info: Emilee-And-Lola-IntensityScaled-10000.png  used on inp
ut line 239.
(pdftex.def)             Requested size: 225.48038pt x 240.65105pt.
 [7 <./Roger-Federer.jpg> <./Roger-Federer-AreaScale-12000.png> <./Roger-Federe
r-ReverseAreaScaling-12000.png>]
[8 <./Emilee-And-Lola.jpg> <./Emilee-And-Lola-IntensityScaled2-10000.png> <./Em
ilee-And-Lola-IntensityScaled-10000.png>]
<Train-Canada.jpg, id=120, 240.9pt x 159.59625pt>
File: Train-Canada.jpg Graphic file (type jpg)
<use Train-Canada.jpg>
Package pdftex.def Info: Train-Canada.jpg  used on input line 252.
(pdftex.def)             Requested size: 225.48038pt x 149.38487pt.
<Train-Canada-8000-1.png, id=121, 803.0pt x 531.9875pt>
File: Train-Canada-8000-1.png Graphic file (type png)
<use Train-Canada-8000-1.png>
Package pdftex.def Info: Train-Canada-8000-1.png  used on input line 257.
(pdftex.def)             Requested size: 225.48038pt x 149.3776pt.
<Train-Canada-8000-2.png, id=122, 803.0pt x 531.9875pt>
File: Train-Canada-8000-2.png Graphic file (type png)
<use Train-Canada-8000-2.png>
Package pdftex.def Info: Train-Canada-8000-2.png  used on input line 262.
(pdftex.def)             Requested size: 225.48038pt x 149.3776pt.
<Train-Canada-8000-3.png, id=123, 803.0pt x 531.9875pt>
File: Train-Canada-8000-3.png Graphic file (type png)
<use Train-Canada-8000-3.png>
Package pdftex.def Info: Train-Canada-8000-3.png  used on input line 267.
(pdftex.def)             Requested size: 225.48038pt x 149.3776pt.
<Chessboard.jpg, id=124, 595.47469pt x 421.575pt>
File: Chessboard.jpg Graphic file (type jpg)
<use Chessboard.jpg>
Package pdftex.def Info: Chessboard.jpg  used on input line 282.
(pdftex.def)             Requested size: 244.2746pt x 172.93692pt.
<Chessboard-Points-1.png, id=125, 793.96625pt x 640.3925pt>
File: Chessboard-Points-1.png Graphic file (type png)
<use Chessboard-Points-1.png>
Package pdftex.def Info: Chessboard-Points-1.png  used on input line 287.
(pdftex.def)             Requested size: 225.48038pt x 181.86882pt.
<Chessboard-6000-1.png, id=126, 793.96625pt x 562.1pt>
File: Chessboard-6000-1.png Graphic file (type png)
<use Chessboard-6000-1.png>
Package pdftex.def Info: Chessboard-6000-1.png  used on input line 292.
(pdftex.def)             Requested size: 225.48038pt x 159.63408pt.
<Chessboard-Points-2.png, id=127, 793.96625pt x 640.3925pt>
File: Chessboard-Points-2.png Graphic file (type png)
<use Chessboard-Points-2.png>
Package pdftex.def Info: Chessboard-Points-2.png  used on input line 297.
(pdftex.def)             Requested size: 225.48038pt x 181.86882pt.
<Chessboard-6000-2.png, id=128, 793.96625pt x 562.1pt>
File: Chessboard-6000-2.png Graphic file (type png)
<use Chessboard-6000-2.png>
Package pdftex.def Info: Chessboard-6000-2.png  used on input line 302.
(pdftex.def)             Requested size: 225.48038pt x 159.63408pt.
 [9 <./Train-Canada.jpg> <./Train-Canada-8000-1.png> <./Train-Canada-8000-2.png
> <./Train-Canada-8000-3.png>]
[10 <./Chessboard.jpg> <./Chessboard-Points-1.png> <./Chessboard-6000-1.png> <.
/Chessboard-Points-2.png> <./Chessboard-6000-2.png>]
<Portrait.jpg, id=146, 243.91125pt x 433.62pt>
File: Portrait.jpg Graphic file (type jpg)
<use Portrait.jpg>
Package pdftex.def Info: Portrait.jpg  used on input line 317.
(pdftex.def)             Requested size: 225.48038pt x 400.86064pt.
<Portrait-Sobel.png, id=147, 338.26375pt x 656.4525pt>
File: Portrait-Sobel.png Graphic file (type png)
<use Portrait-Sobel.png>
Package pdftex.def Info: Portrait-Sobel.png  used on input line 322.
(pdftex.def)             Requested size: 225.48038pt x 437.58717pt.
<Portrait-7000-1.png, id=148, 325.215pt x 578.16pt>
File: Portrait-7000-1.png Graphic file (type png)
<use Portrait-7000-1.png>
Package pdftex.def Info: Portrait-7000-1.png  used on input line 327.
(pdftex.def)             Requested size: 225.48038pt x 400.86284pt.
<Portrait-7000-2.png, id=149, 325.215pt x 578.16pt>
File: Portrait-7000-2.png Graphic file (type png)
<use Portrait-7000-2.png>
Package pdftex.def Info: Portrait-7000-2.png  used on input line 332.
(pdftex.def)             Requested size: 225.48038pt x 400.86284pt.
 [11]
Overfull \vbox (255.84746pt too high) has occurred while \output is active []


[12 <./Portrait.jpg> <./Portrait-Sobel.png> <./Portrait-7000-1.png> <./Portrait
-7000-2.png>] (./report.bbl (./report.brf)
\tf@brf=\write5
\openout5 = `report.brf'.



LaTeX Warning: Empty `thebibliography' environment on input line 3.

)
Package atveryend Info: Empty hook `BeforeClearDocument' on input line 355.
 [13]
Package atveryend Info: Empty hook `AfterLastShipout' on input line 355.
 (./report.aux)
Package atveryend Info: Executing hook `AtVeryEndDocument' on input line 355.
Package atveryend Info: Executing hook `AtEndAfterFileList' on input line 355.
Package rerunfilecheck Info: File `report.out' has not changed.
(rerunfilecheck)             Checksum: EF22E4C9819DA3D03F872A119B0CEE47;616.
Package rerunfilecheck Info: File `report.brf' has not changed.
(rerunfilecheck)             Checksum: D41D8CD98F00B204E9800998ECF8427E;0.
Package atveryend Info: Empty hook `AtVeryVeryEnd' on input line 355.
 ) 
Here is how much of TeX's memory you used:
 7988 strings out of 492982
 120331 string characters out of 6134895
 207969 words of memory out of 5000000
 11386 multiletter control sequences out of 15000+600000
 10638 words of font info for 42 fonts, out of 8000000 for 9000
 1141 hyphenation exceptions out of 8191
 42i,8n,40p,726b,467s stack positions out of 5000i,500n,10000p,200000b,80000s
</usr/share/texlive/texmf-dist/fonts/type1/public/amsfonts/cm/cmbx12.pfb></us
r/share/texlive/texmf-dist/fonts/type1/public/amsfonts/cm/cmmi10.pfb></usr/shar
e/texlive/texmf-dist/fonts/type1/public/amsfonts/cm/cmr10.pfb></usr/share/texli
ve/texmf-dist/fonts/type1/public/amsfonts/cm/cmr12.pfb></usr/share/texlive/texm
f-dist/fonts/type1/public/amsfonts/cm/cmr8.pfb></usr/share/texlive/texmf-dist/f
onts/type1/public/amsfonts/cm/cmsy10.pfb></usr/share/texlive/texmf-dist/fonts/t
ype1/public/amsfonts/cm/cmti10.pfb></usr/share/texlive/texmf-dist/fonts/type1/p
ublic/amsfonts/cm/cmtt10.pfb>
Output written on report.pdf (13 pages, 8615955 bytes).
PDF statistics:
 205 PDF objects out of 1000 (max. 8388607)
 126 compressed objects within 2 object streams
 36 named destinations out of 1000 (max. 500000)
 220 words of extra memory for PDF output out of 10000 (max. 10000000)

